<?xml version="1.0" encoding="UTF-8"?>
<!-- Generated by org.testng.reporters.JUnitReportReporter -->
<testsuite hostname="LAPTOP-S7UJHO9I" failures="0" tests="1" name="rough.demo" time="0.006" errors="0" timestamp="2021-12-21T15:58:55 IST" skipped="0">
  <testcase classname="rough.demo" name="stringdefine" time="0.006"/>
  <system-out/>
</testsuite> <!-- rough.demo -->
