<?xml version="1.0" encoding="UTF-8"?>
<!-- Generated by org.testng.reporters.JUnitReportReporter -->
<testsuite hostname="DESKTOP-04JSCC6" name="AppiumFramework.testcases.TC_010_Ecommerce_Main" tests="1" failures="0" timestamp="22 Aug 2019 04:35:34 GMT" time="217.762" errors="0">
  <testcase name="totalValidation" time="217.762" classname="AppiumFramework.testcases.TC_010_Ecommerce_Main"/>
</testsuite> <!-- AppiumFramework.testcases.TC_010_Ecommerce_Main -->
