<?xml version="1.0" encoding="UTF-8"?>
<!-- Generated by org.testng.reporters.JUnitReportReporter -->
<testsuite hostname="LAPTOP-S7UJHO9I" failures="0" tests="1" name="AppiumFramework.testcases.TC_001_Sample1Locators" time="29.092" errors="0" timestamp="2021-12-25T15:30:00 IST" skipped="0">
  <testcase classname="AppiumFramework.testcases.TC_001_Sample1Locators" name="apiDemoTest" time="29.092"/>
  <system-out/>
</testsuite> <!-- AppiumFramework.testcases.TC_001_Sample1Locators -->
