<?xml version="1.0" encoding="UTF-8"?>
<!-- Generated by org.testng.reporters.JUnitReportReporter -->
<testsuite hostname="DESKTOP-04JSCC6" name="AppiumFramework.testcases.TC_003_Sample3Gestures" tests="1" failures="0" timestamp="21 Aug 2019 04:23:42 GMT" time="61.148" errors="0">
  <testcase name="apiDemoTest" time="61.148" classname="AppiumFramework.testcases.TC_003_Sample3Gestures"/>
</testsuite> <!-- AppiumFramework.testcases.TC_003_Sample3Gestures -->
