<?xml version="1.0" encoding="UTF-8"?>
<!-- Generated by org.testng.reporters.JUnitReportReporter -->
<testsuite hostname="DESKTOP-04JSCC6" name="AppiumFramework.testcases.TC_006_Sample6DragDropdemo" tests="1" failures="0" timestamp="21 Aug 2019 04:30:40 GMT" time="73.136" errors="0">
  <testcase name="apiDemoTest" time="73.136" classname="AppiumFramework.testcases.TC_006_Sample6DragDropdemo"/>
</testsuite> <!-- AppiumFramework.testcases.TC_006_Sample6DragDropdemo -->
