<?xml version="1.0" encoding="UTF-8"?>
<!-- Generated by org.testng.reporters.JUnitReportReporter -->
<testsuite hostname="LAPTOP-S7UJHO9I" failures="0" tests="1" name="rough.test1" time="0.005" errors="0" timestamp="2021-12-21T19:46:31 IST" skipped="0">
  <testcase classname="rough.test1" name="regular" time="0.005"/>
  <system-out/>
</testsuite> <!-- rough.test1 -->
