<?xml version="1.0" encoding="UTF-8"?>
<!-- Generated by org.testng.reporters.JUnitReportReporter -->
<testsuite hostname="DESKTOP-04JSCC6" name="AppiumFramework.testcases.TC_002_Sample2Uiautomaortest" tests="1" failures="0" timestamp="4 Nov 2019 02:38:44 GMT" time="76.418" errors="0">
  <testcase name="apiDemoTest" time="76.418" classname="AppiumFramework.testcases.TC_002_Sample2Uiautomaortest"/>
</testsuite> <!-- AppiumFramework.testcases.TC_002_Sample2Uiautomaortest -->
