<?xml version="1.0" encoding="UTF-8"?>
<!-- Generated by org.testng.reporters.JUnitReportReporter -->
<testsuite hostname="DESKTOP-04JSCC6" name="AppiumFramework.testcases.TC_008_Sample8RealDevice_MobileBrowser" tests="1" failures="0" timestamp="21 Aug 2019 04:39:56 GMT" time="120.535" errors="0">
  <testcase name="apiDemoTest" time="120.535" classname="AppiumFramework.testcases.TC_008_Sample8RealDevice_MobileBrowser"/>
</testsuite> <!-- AppiumFramework.testcases.TC_008_Sample8RealDevice_MobileBrowser -->
